#-----------------------------------------------------------
# Vivado v2020.2.2 (64-bit)
# SW Build 3118627 on Tue Feb  9 05:14:06 MST 2021
# IP Build 3115676 on Tue Feb  9 10:48:11 MST 2021
# Start of session at: Thu Jun  3 20:18:21 2021
# Process ID: 8484
# Current directory: E:/Xilinx_project/HDL_projects_for_digital_circuit_course/digital_circuit_course/serial_data_detector
# Command line: vivado.exe -gui_launcher_event rodinguilauncherevent312 E:\Xilinx_project\HDL_projects_for_digital_circuit_course\digital_circuit_course\serial_data_detector\serial_data_detector.xpr
# Log file: E:/Xilinx_project/HDL_projects_for_digital_circuit_course/digital_circuit_course/serial_data_detector/vivado.log
# Journal file: E:/Xilinx_project/HDL_projects_for_digital_circuit_course/digital_circuit_course/serial_data_detector\vivado.jou
#-----------------------------------------------------------
start_gui
open_project E:/Xilinx_project/HDL_projects_for_digital_circuit_course/digital_circuit_course/serial_data_detector/serial_data_detector.xpr
INFO: [ProjectBase 1-489] The host OS only allows 260 characters in a normal path. The project is stored in a path with more than 80 characters. If you experience issues with IP, Block Designs, or files not being found, please consider moving the project to a location with a shorter path. Alternately consider using the OS subst command to map part of the path to a drive letter.
Current project path is 'E:/Xilinx_project/HDL_projects_for_digital_circuit_course/digital_circuit_course/serial_data_detector'
WARNING: [filemgmt 56-3] Default IP Output Path : Could not find the directory 'E:/Xilinx_project/HDL_projects_for_digital_circuit_course/digital_circuit_course/serial_data_detector/serial_data_detector.gen/sources_1'.
Scanning sources...
Finished scanning sources
INFO: [IP_Flow 19-234] Refreshing IP repositories
INFO: [IP_Flow 19-1704] No user IP repositories specified
INFO: [IP_Flow 19-2313] Loaded Vivado IP repository 'D:/Program_files/Vivado/2020.2/data/ip'.
update_compile_order -fileset sources_1
exit
INFO: [Common 17-206] Exiting Vivado at Thu Jun  3 20:24:35 2021...
