#-----------------------------------------------------------
# Vivado v2020.2.2 (64-bit)
# SW Build 3118627 on Tue Feb  9 05:14:06 MST 2021
# IP Build 3115676 on Tue Feb  9 10:48:11 MST 2021
# Start of session at: Fri Jul  2 09:15:20 2021
# Process ID: 14424
# Current directory: E:/Xilinx_project/HDL_projects_for_digital_circuit_course/digital_circuit_course/Modulo-8_3-bit_Binary_Counter
# Command line: vivado.exe -gui_launcher_event rodinguilauncherevent10608 E:\Xilinx_project\HDL_projects_for_digital_circuit_course\digital_circuit_course\Modulo-8_3-bit_Binary_Counter\Modulo-8_3-bit_Binary_Counter.xpr
# Log file: E:/Xilinx_project/HDL_projects_for_digital_circuit_course/digital_circuit_course/Modulo-8_3-bit_Binary_Counter/vivado.log
# Journal file: E:/Xilinx_project/HDL_projects_for_digital_circuit_course/digital_circuit_course/Modulo-8_3-bit_Binary_Counter\vivado.jou
#-----------------------------------------------------------
start_gui
open_project E:/Xilinx_project/HDL_projects_for_digital_circuit_course/digital_circuit_course/Modulo-8_3-bit_Binary_Counter/Modulo-8_3-bit_Binary_Counter.xpr
INFO: [ProjectBase 1-489] The host OS only allows 260 characters in a normal path. The project is stored in a path with more than 80 characters. If you experience issues with IP, Block Designs, or files not being found, please consider moving the project to a location with a shorter path. Alternately consider using the OS subst command to map part of the path to a drive letter.
Current project path is 'E:/Xilinx_project/HDL_projects_for_digital_circuit_course/digital_circuit_course/Modulo-8_3-bit_Binary_Counter'
INFO: [Project 1-313] Project file moved from 'E:/Vivado/Code/digital_circuit_course/Modulo-8_3-bit_Binary_Counter' since last save.
Scanning sources...
Finished scanning sources
INFO: [IP_Flow 19-234] Refreshing IP repositories
INFO: [IP_Flow 19-1704] No user IP repositories specified
INFO: [IP_Flow 19-2313] Loaded Vivado IP repository 'D:/Program_files/Vivado/2020.2/data/ip'.
exit
INFO: [Common 17-206] Exiting Vivado at Fri Jul  2 09:38:17 2021...
