#-----------------------------------------------------------
# Vivado v2020.2.2 (64-bit)
# SW Build 3118627 on Tue Feb  9 05:14:06 MST 2021
# IP Build 3115676 on Tue Feb  9 10:48:11 MST 2021
# Start of session at: Wed Jul  7 21:13:04 2021
# Process ID: 4140
# Current directory: E:/Xilinx_project/HDL_projects_for_digital_circuit_course/Learning/decoder
# Command line: vivado.exe -gui_launcher_event rodinguilauncherevent22672 E:\Xilinx_project\HDL_projects_for_digital_circuit_course\Learning\decoder\decoder.xpr
# Log file: E:/Xilinx_project/HDL_projects_for_digital_circuit_course/Learning/decoder/vivado.log
# Journal file: E:/Xilinx_project/HDL_projects_for_digital_circuit_course/Learning/decoder\vivado.jou
#-----------------------------------------------------------
start_gui
open_project E:/Xilinx_project/HDL_projects_for_digital_circuit_course/Learning/decoder/decoder.xpr
Scanning sources...
Finished scanning sources
INFO: [IP_Flow 19-234] Refreshing IP repositories
INFO: [IP_Flow 19-1704] No user IP repositories specified
INFO: [IP_Flow 19-2313] Loaded Vivado IP repository 'D:/Program_files/Vivado/2020.2/data/ip'.
update_compile_order -fileset sources_1
exit
INFO: [Common 17-206] Exiting Vivado at Thu Jul  8 00:36:30 2021...
