#-----------------------------------------------------------
# Vivado v2020.2.2 (64-bit)
# SW Build 3118627 on Tue Feb  9 05:14:06 MST 2021
# IP Build 3115676 on Tue Feb  9 10:48:11 MST 2021
# Start of session at: Thu May 13 22:45:32 2021
# Process ID: 12460
# Current directory: E:/Xilinx_project/HDL_projects_for_digital_circuit_course/Learning/2_to_1_Mux
# Command line: vivado.exe -gui_launcher_event rodinguilauncherevent9176 E:\Xilinx_project\HDL_projects_for_digital_circuit_course\Learning\2_to_1_Mux\2_to_1_Mux.xpr
# Log file: E:/Xilinx_project/HDL_projects_for_digital_circuit_course/Learning/2_to_1_Mux/vivado.log
# Journal file: E:/Xilinx_project/HDL_projects_for_digital_circuit_course/Learning/2_to_1_Mux\vivado.jou
#-----------------------------------------------------------
start_gui
open_project E:/Xilinx_project/HDL_projects_for_digital_circuit_course/Learning/2_to_1_Mux/2_to_1_Mux.xpr
INFO: [Project 1-313] Project file moved from 'E:/Xilinx_project/Learning/2_to_1_Mux' since last save.
WARNING: [filemgmt 56-2] Default IP Output Path : Could not find the directory 'E:/Xilinx_project/HDL_projects_for_digital_circuit_course/Learning/2_to_1_Mux/2_to_1_Mux.gen/sources_1', nor could it be found using path 'E:/Xilinx_project/Learning/2_to_1_Mux/2_to_1_Mux.gen/sources_1'.
WARNING: [filemgmt 56-2] IPUserFilesDir: Could not find the directory 'E:/Xilinx_project/HDL_projects_for_digital_circuit_course/Learning/2_to_1_Mux/2_to_1_Mux.ip_user_files', nor could it be found using path 'E:/Xilinx_project/Learning/2_to_1_Mux/2_to_1_Mux.ip_user_files'.
Scanning sources...
Finished scanning sources
INFO: [IP_Flow 19-234] Refreshing IP repositories
INFO: [IP_Flow 19-1704] No user IP repositories specified
INFO: [IP_Flow 19-2313] Loaded Vivado IP repository 'D:/Program_files/Vivado/2020.2/data/ip'.
update_compile_order -fileset sources_1
exit
INFO: [Common 17-206] Exiting Vivado at Thu May 13 22:46:24 2021...
