#-----------------------------------------------------------
# Vivado v2020.2.2 (64-bit)
# SW Build 3118627 on Tue Feb  9 05:14:06 MST 2021
# IP Build 3115676 on Tue Feb  9 10:48:11 MST 2021
# Start of session at: Thu Jul  8 10:15:10 2021
# Process ID: 9524
# Current directory: E:/Xilinx_project/HDL_projects_for_digital_circuit_course/Learning/ALU
# Command line: vivado.exe -gui_launcher_event rodinguilauncherevent15492 E:\Xilinx_project\HDL_projects_for_digital_circuit_course\Learning\ALU\ALU.xpr
# Log file: E:/Xilinx_project/HDL_projects_for_digital_circuit_course/Learning/ALU/vivado.log
# Journal file: E:/Xilinx_project/HDL_projects_for_digital_circuit_course/Learning/ALU\vivado.jou
#-----------------------------------------------------------
start_gui
open_project E:/Xilinx_project/HDL_projects_for_digital_circuit_course/Learning/ALU/ALU.xpr
Scanning sources...
Finished scanning sources
INFO: [IP_Flow 19-234] Refreshing IP repositories
INFO: [IP_Flow 19-1704] No user IP repositories specified
INFO: [IP_Flow 19-2313] Loaded Vivado IP repository 'D:/Program_files/Vivado/2020.2/data/ip'.
open_project: Time (s): cpu = 00:00:10 ; elapsed = 00:00:05 . Memory (MB): peak = 1027.723 ; gain = 0.000
update_compile_order -fileset sources_1
WARNING: [IP_Flow 19-4067] Ignoring invalid widget type specified checkbox.Providing a default widget
WARNING: [IP_Flow 19-4067] Ignoring invalid widget type specified checkbox.Providing a default widget
exit
INFO: [Common 17-206] Exiting Vivado at Thu Jul  8 10:17:20 2021...
