Copyright 1986-2020 Xilinx, Inc. All Rights Reserved.
-------------------------------------------------------------------------------------------------------------------------------
| Tool Version     : Vivado v.2020.2 (win64) Build 3064766 Wed Nov 18 09:12:45 MST 2020
| Date             : Fri May 28 09:20:09 2021
| Host             : DESKTOP-OVFJI75 running 64-bit major release  (build 9200)
| Command          : report_power -file TOP_power_routed.rpt -pb TOP_power_summary_routed.pb -rpx TOP_power_routed.rpx
| Design           : TOP
| Device           : xc7a35tcpg236-1
| Design State     : routed
| Grade            : commercial
| Process          : typical
| Characterization : Production
-------------------------------------------------------------------------------------------------------------------------------

Power Report

Table of Contents
-----------------
1. Summary
1.1 On-Chip Components
1.2 Power Supply Summary
1.3 Confidence Level
2. Settings
2.1 Environment
2.2 Clock Constraints
3. Detailed Reports
3.1 By Hierarchy

1. Summary
----------

+--------------------------+--------------+
| Total On-Chip Power (W)  | 0.219        |
| Design Power Budget (W)  | Unspecified* |
| Power Budget Margin (W)  | NA           |
| Dynamic (W)              | 0.147        |
| Device Static (W)        | 0.072        |
| Effective TJA (C/W)      | 5.0          |
| Max Ambient (C)          | 83.9         |
| Junction Temperature (C) | 26.1         |
| Confidence Level         | Medium       |
| Setting File             | ---          |
| Simulation Activity File | ---          |
| Design Nets Matched      | NA           |
+--------------------------+--------------+
* Specify Design Power Budget using, set_operating_conditions -design_power_budget <value in Watts>


1.1 On-Chip Components
----------------------

+--------------------------+-----------+----------+-----------+-----------------+
| On-Chip                  | Power (W) | Used     | Available | Utilization (%) |
+--------------------------+-----------+----------+-----------+-----------------+
| Clocks                   |     0.013 |       10 |       --- |             --- |
| Slice Logic              |     0.002 |     4091 |       --- |             --- |
|   LUT as Logic           |     0.002 |     1184 |     20800 |            5.69 |
|   Register               |    <0.001 |     2159 |     41600 |            5.19 |
|   LUT as Shift Register  |    <0.001 |      102 |      9600 |            1.06 |
|   CARRY4                 |    <0.001 |       37 |      8150 |            0.45 |
|   LUT as Distributed RAM |    <0.001 |       24 |      9600 |            0.25 |
|   F7/F8 Muxes            |    <0.001 |       14 |     32600 |            0.04 |
|   Others                 |     0.000 |      268 |       --- |             --- |
| Signals                  |     0.004 |     3015 |       --- |             --- |
| Block RAM                |     0.007 |        2 |        50 |            4.00 |
| MMCM                     |     0.122 |        1 |         5 |           20.00 |
| I/O                      |    <0.001 |        3 |       106 |            2.83 |
| Static Power             |     0.072 |          |           |                 |
| Total                    |     0.219 |          |           |                 |
+--------------------------+-----------+----------+-----------+-----------------+


1.2 Power Supply Summary
------------------------

+-----------+-------------+-----------+-------------+------------+-------------+-------------+------------+
| Source    | Voltage (V) | Total (A) | Dynamic (A) | Static (A) | Powerup (A) | Budget (A)  | Margin (A) |
+-----------+-------------+-----------+-------------+------------+-------------+-------------+------------+
| Vccint    |       1.000 |     0.036 |       0.026 |      0.010 |       NA    | Unspecified | NA         |
| Vccaux    |       1.800 |     0.080 |       0.067 |      0.013 |       NA    | Unspecified | NA         |
| Vcco33    |       3.300 |     0.001 |       0.000 |      0.001 |       NA    | Unspecified | NA         |
| Vcco25    |       2.500 |     0.000 |       0.000 |      0.000 |       NA    | Unspecified | NA         |
| Vcco18    |       1.800 |     0.000 |       0.000 |      0.000 |       NA    | Unspecified | NA         |
| Vcco15    |       1.500 |     0.000 |       0.000 |      0.000 |       NA    | Unspecified | NA         |
| Vcco135   |       1.350 |     0.000 |       0.000 |      0.000 |       NA    | Unspecified | NA         |
| Vcco12    |       1.200 |     0.000 |       0.000 |      0.000 |       NA    | Unspecified | NA         |
| Vccaux_io |       1.800 |     0.000 |       0.000 |      0.000 |       NA    | Unspecified | NA         |
| Vccbram   |       1.000 |     0.001 |       0.001 |      0.000 |       NA    | Unspecified | NA         |
| MGTAVcc   |       1.000 |     0.000 |       0.000 |      0.000 |       NA    | Unspecified | NA         |
| MGTAVtt   |       1.200 |     0.000 |       0.000 |      0.000 |       NA    | Unspecified | NA         |
| Vccadc    |       1.800 |     0.020 |       0.000 |      0.020 |       NA    | Unspecified | NA         |
+-----------+-------------+-----------+-------------+------------+-------------+-------------+------------+


1.3 Confidence Level
--------------------

+-----------------------------+------------+-------------------------------------------------------+------------------------------------------------------------------------------------------------------------+
| User Input Data             | Confidence | Details                                               | Action                                                                                                     |
+-----------------------------+------------+-------------------------------------------------------+------------------------------------------------------------------------------------------------------------+
| Design implementation state | High       | Design is routed                                      |                                                                                                            |
| Clock nodes activity        | High       | User specified more than 95% of clocks                |                                                                                                            |
| I/O nodes activity          | Medium     | More than 5% of inputs are missing user specification | Provide missing input activity with simulation results or by editing the "By Resource Type -> I/Os" view   |
| Internal nodes activity     | Medium     | User specified less than 25% of internal nodes        | Provide missing internal nodes activity with simulation results or by editing the "By Resource Type" views |
| Device models               | High       | Device models are Production                          |                                                                                                            |
|                             |            |                                                       |                                                                                                            |
| Overall confidence level    | Medium     |                                                       |                                                                                                            |
+-----------------------------+------------+-------------------------------------------------------+------------------------------------------------------------------------------------------------------------+


2. Settings
-----------

2.1 Environment
---------------

+-----------------------+--------------------------+
| Ambient Temp (C)      | 25.0                     |
| ThetaJA (C/W)         | 5.0                      |
| Airflow (LFM)         | 250                      |
| Heat Sink             | medium (Medium Profile)  |
| ThetaSA (C/W)         | 4.6                      |
| Board Selection       | medium (10"x10")         |
| # of Board Layers     | 12to15 (12 to 15 Layers) |
| Board Temperature (C) | 25.0                     |
+-----------------------+--------------------------+


2.2 Clock Constraints
---------------------

+--------------------------------------------------------------------------------------------+----------------------------------------------------------------------+-----------------+
| Clock                                                                                      | Domain                                                               | Constraint (ns) |
+--------------------------------------------------------------------------------------------+----------------------------------------------------------------------+-----------------+
| clk                                                                                        | clk                                                                  |            10.0 |
| clk_out1_clk_wiz                                                                           | C0/inst/clk_out1                                                     |             6.7 |
| clk_out1_clk_wiz                                                                           | C0/inst/clk_out1_clk_wiz                                             |             6.7 |
| clk_out1_clk_wiz_1                                                                         | C0/inst/clk_out1                                                     |             6.7 |
| clk_out1_clk_wiz_1                                                                         | C0/inst/clk_out1_clk_wiz                                             |             6.7 |
| clkfbout_clk_wiz                                                                           | C0/inst/clkfbout_clk_wiz                                             |            20.0 |
| clkfbout_clk_wiz_1                                                                         | C0/inst/clkfbout_clk_wiz                                             |            20.0 |
| dbg_hub/inst/BSCANID.u_xsdbm_id/SWITCH_N_EXT_BSCAN.bscan_inst/SERIES7_BSCAN.bscan_inst/TCK | dbg_hub/inst/BSCANID.u_xsdbm_id/SWITCH_N_EXT_BSCAN.bscan_inst/tck_bs |            33.0 |
| sys_clk_pin                                                                                | clk                                                                  |            10.0 |
+--------------------------------------------------------------------------------------------+----------------------------------------------------------------------+-----------------+


3. Detailed Reports
-------------------

3.1 By Hierarchy
----------------

+--------------------------+-----------+
| Name                     | Power (W) |
+--------------------------+-----------+
| TOP                      |     0.147 |
|   C0                     |     0.122 |
|     inst                 |     0.122 |
|   dbg_hub                |     0.004 |
|     inst                 |     0.004 |
|       BSCANID.u_xsdbm_id |     0.004 |
|   ila_ins                |     0.013 |
|     U0                   |     0.013 |
|       ila_core_inst      |     0.013 |
|   mem1                   |     0.003 |
|     U0                   |     0.003 |
|       inst_blk_mem_gen   |     0.003 |
|   mem2                   |     0.003 |
|     U0                   |     0.003 |
|       inst_blk_mem_gen   |     0.003 |
+--------------------------+-----------+


