#-----------------------------------------------------------
# Vivado v2020.2.2 (64-bit)
# SW Build 3118627 on Tue Feb  9 05:14:06 MST 2021
# IP Build 3115676 on Tue Feb  9 10:48:11 MST 2021
# Start of session at: Thu May 13 23:28:34 2021
# Process ID: 2940
# Current directory: E:/Xilinx_project/HDL_projects_for_digital_circuit_course/Begin_project
# Command line: vivado.exe -gui_launcher_event rodinguilauncherevent2472 E:\Xilinx_project\HDL_projects_for_digital_circuit_course\Begin_project\Begin_project.xpr
# Log file: E:/Xilinx_project/HDL_projects_for_digital_circuit_course/Begin_project/vivado.log
# Journal file: E:/Xilinx_project/HDL_projects_for_digital_circuit_course/Begin_project\vivado.jou
#-----------------------------------------------------------
start_gui
open_project E:/Xilinx_project/HDL_projects_for_digital_circuit_course/Begin_project/Begin_project.xpr
INFO: [Project 1-313] Project file moved from 'E:/Xilinx_project/Begin_project' since last save.
WARNING: [filemgmt 56-2] Default IP Output Path : Could not find the directory 'E:/Xilinx_project/HDL_projects_for_digital_circuit_course/Begin_project/Begin_project.gen/sources_1', nor could it be found using path 'E:/Xilinx_project/Begin_project/Begin_project.gen/sources_1'.
Scanning sources...
Finished scanning sources
INFO: [IP_Flow 19-234] Refreshing IP repositories
INFO: [IP_Flow 19-1704] No user IP repositories specified
INFO: [IP_Flow 19-2313] Loaded Vivado IP repository 'D:/Program_files/Vivado/2020.2/data/ip'.
update_compile_order -fileset sources_1
exit
INFO: [Common 17-206] Exiting Vivado at Thu May 13 23:28:59 2021...
