#-----------------------------------------------------------
# Vivado v2020.2.2 (64-bit)
# SW Build 3118627 on Tue Feb  9 05:14:06 MST 2021
# IP Build 3115676 on Tue Feb  9 10:48:11 MST 2021
# Start of session at: Thu May 27 23:23:14 2021
# Process ID: 7300
# Current directory: E:/Xilinx_project/HDL_projects_for_digital_circuit_course/Learning/ALU_v1.1
# Command line: vivado.exe -gui_launcher_event rodinguilauncherevent11852 E:\Xilinx_project\HDL_projects_for_digital_circuit_course\Learning\ALU_v1.1\ALU_v1.1.xpr
# Log file: E:/Xilinx_project/HDL_projects_for_digital_circuit_course/Learning/ALU_v1.1/vivado.log
# Journal file: E:/Xilinx_project/HDL_projects_for_digital_circuit_course/Learning/ALU_v1.1\vivado.jou
#-----------------------------------------------------------
start_gui
open_project E:/Xilinx_project/HDL_projects_for_digital_circuit_course/Learning/ALU_v1.1/ALU_v1.1.xpr
INFO: [Project 1-313] Project file moved from 'D:/Users/lzh/Desktop/ALU_v1.1' since last save.
WARNING: [filemgmt 56-2] Default IP Output Path : Could not find the directory 'E:/Xilinx_project/HDL_projects_for_digital_circuit_course/Learning/ALU_v1.1/ALU_v1.1.gen/sources_1', nor could it be found using path 'D:/Users/lzh/Desktop/ALU_v1.1/ALU_v1.1.gen/sources_1'.
Scanning sources...
Finished scanning sources
INFO: [IP_Flow 19-234] Refreshing IP repositories
INFO: [IP_Flow 19-1704] No user IP repositories specified
INFO: [IP_Flow 19-2313] Loaded Vivado IP repository 'D:/Program_files/Vivado/2020.2/data/ip'.
update_compile_order -fileset sources_1
launch_simulation
Command: launch_simulation 
INFO: [Vivado 12-5682] Launching behavioral simulation in 'E:/Xilinx_project/HDL_projects_for_digital_circuit_course/Learning/ALU_v1.1/ALU_v1.1.sim/sim_1/behav/xsim'
INFO: [SIM-utils-51] Simulation object is 'sim_1'
INFO: [SIM-utils-54] Inspecting design source files for 'ALU_tb' in fileset 'sim_1'...
INFO: [USF-XSim-97] Finding global include files...
INFO: [USF-XSim-98] Fetching design files from 'sim_1'...
INFO: [USF-XSim-2] XSim::Compile design
INFO: [USF-XSim-61] Executing 'COMPILE and ANALYZE' step in 'E:/Xilinx_project/HDL_projects_for_digital_circuit_course/Learning/ALU_v1.1/ALU_v1.1.sim/sim_1/behav/xsim'
"xvhdl --incr --relax -prj ALU_tb_vhdl.prj"
INFO: [VRFC 10-163] Analyzing VHDL file "E:/Xilinx_project/HDL_projects_for_digital_circuit_course/Learning/ALU_v1.1/ALU_v1.1.srcs/sources_1/new/ALU_v1.1" into library xil_defaultlib
INFO: [VRFC 10-3107] analyzing entity 'ALU_v1_1'
INFO: [VRFC 10-163] Analyzing VHDL file "E:/Xilinx_project/HDL_projects_for_digital_circuit_course/Learning/ALU_v1.1/ALU_v1.1.srcs/sources_1/imports/new/eight_bit_adder.vhd" into library xil_defaultlib
INFO: [VRFC 10-3107] analyzing entity 'eight_bit_adder'
INFO: [VRFC 10-163] Analyzing VHDL file "E:/Xilinx_project/HDL_projects_for_digital_circuit_course/Learning/ALU_v1.1/ALU_v1.1.srcs/sources_1/imports/new/four_to_one_MUX.vhd" into library xil_defaultlib
INFO: [VRFC 10-3107] analyzing entity 'four_to_one_MUX'
INFO: [VRFC 10-163] Analyzing VHDL file "E:/Xilinx_project/HDL_projects_for_digital_circuit_course/Learning/ALU_v1.1/ALU_v1.1.srcs/sources_1/imports/new/two_to_one_MUX.vhd" into library xil_defaultlib
INFO: [VRFC 10-3107] analyzing entity 'two_to_one_MUX'
INFO: [VRFC 10-163] Analyzing VHDL file "E:/Xilinx_project/HDL_projects_for_digital_circuit_course/Learning/ALU_v1.1/ALU_v1.1.srcs/sim_1/imports/new/ALU_tb.vhd" into library xil_defaultlib
INFO: [VRFC 10-3107] analyzing entity 'ALU_tb'
INFO: [USF-XSim-69] 'compile' step finished in '1' seconds
INFO: [USF-XSim-3] XSim::Elaborate design
INFO: [USF-XSim-61] Executing 'ELABORATE' step in 'E:/Xilinx_project/HDL_projects_for_digital_circuit_course/Learning/ALU_v1.1/ALU_v1.1.sim/sim_1/behav/xsim'
"xelab -wto e0f357a28fc343679e5fc3f653d4934b --incr --debug typical --relax --mt 2 -L xil_defaultlib -L secureip --snapshot ALU_tb_behav xil_defaultlib.ALU_tb -log elaborate.log"
Vivado Simulator v2020.2.2
Copyright 1986-1999, 2001-2021 Xilinx, Inc. All Rights Reserved.
Running: D:/Program_files/Vivado/2020.2/bin/unwrapped/win64.o/xelab.exe -wto e0f357a28fc343679e5fc3f653d4934b --incr --debug typical --relax --mt 2 -L xil_defaultlib -L secureip --snapshot ALU_tb_behav xil_defaultlib.ALU_tb -log elaborate.log 
Using 2 slave threads.
Starting static elaboration
Completed static elaboration
Starting simulation data flow analysis
Completed simulation data flow analysis
Time Resolution for simulation is 1ps
Compiling package std.standard
Compiling package std.textio
Compiling package ieee.std_logic_1164
Compiling architecture behavioral of entity xil_defaultlib.two_to_one_MUX [two_to_one_mux_default]
Compiling architecture behavioral of entity xil_defaultlib.eight_bit_adder [eight_bit_adder_default]
Compiling architecture behavioral of entity xil_defaultlib.four_to_one_MUX [four_to_one_mux_default]
Compiling architecture behavioral of entity xil_defaultlib.ALU_v1_1 [alu_v1_1_default]
Compiling architecture behavioral of entity xil_defaultlib.alu_tb
Built simulation snapshot ALU_tb_behav
INFO: [USF-XSim-69] 'elaborate' step finished in '2' seconds
INFO: [USF-XSim-4] XSim::Simulate design
INFO: [USF-XSim-61] Executing 'SIMULATE' step in 'E:/Xilinx_project/HDL_projects_for_digital_circuit_course/Learning/ALU_v1.1/ALU_v1.1.sim/sim_1/behav/xsim'
INFO: [USF-XSim-98] *** Running xsim
   with args "ALU_tb_behav -key {Behavioral:sim_1:Functional:ALU_tb} -tclbatch {ALU_tb.tcl} -log {simulate.log}"
INFO: [USF-XSim-8] Loading simulator feature
Vivado Simulator v2020.2.2
Time resolution is 1 ps
source ALU_tb.tcl
# set curr_wave [current_wave_config]
# if { [string length $curr_wave] == 0 } {
#   if { [llength [get_objects]] > 0} {
#     add_wave /
#     set_property needs_save false [current_wave_config]
#   } else {
#      send_msg_id Add_Wave-1 WARNING "No top level signals found. Simulator will start without a wave window. If you want to open a wave window go to 'File->New Waveform Configuration' or type 'create_wave_config' in the TCL console."
#   }
# }
# run 1000ns
INFO: [USF-XSim-96] XSim completed. Design snapshot 'ALU_tb_behav' loaded.
INFO: [USF-XSim-97] XSim simulation ran for 1000ns
close_sim
INFO: [Simtcl 6-16] Simulation closed
exit
INFO: [Common 17-206] Exiting Vivado at Thu May 27 23:24:11 2021...
