#-----------------------------------------------------------
# Vivado v2020.2.2 (64-bit)
# SW Build 3118627 on Tue Feb  9 05:14:06 MST 2021
# IP Build 3115676 on Tue Feb  9 10:48:11 MST 2021
# Start of session at: Thu May 27 21:25:40 2021
# Process ID: 6308
# Current directory: D:/Users/lzh/Desktop/ALU_v1.1
# Command line: vivado.exe -gui_launcher_event rodinguilauncherevent12144 D:\Users\lzh\Desktop\ALU_v1.1\ALU_v1.1.xpr
# Log file: D:/Users/lzh/Desktop/ALU_v1.1/vivado.log
# Journal file: D:/Users/lzh/Desktop/ALU_v1.1\vivado.jou
#-----------------------------------------------------------
start_gui
open_project D:/Users/lzh/Desktop/ALU_v1.1/ALU_v1.1.xpr
WARNING: [filemgmt 56-3] Default IP Output Path : Could not find the directory 'D:/Users/lzh/Desktop/ALU_v1.1/ALU_v1.1.gen/sources_1'.
CRITICAL WARNING: [Project 1-19] Could not find the file 'E:/Xilinx_project/HDL_projects_for_digital_circuit_course/Learning/ALU/ALU.srcs/sources_1/new/eight_bit_adder.vhd'.
CRITICAL WARNING: [Project 1-19] Could not find the file 'E:/Xilinx_project/HDL_projects_for_digital_circuit_course/Learning/ALU/ALU.srcs/sources_1/new/four_to_one_MUX.vhd'.
CRITICAL WARNING: [Project 1-19] Could not find the file 'E:/Xilinx_project/HDL_projects_for_digital_circuit_course/Learning/ALU/ALU.srcs/sources_1/new/two_to_one_MUX.vhd'.
CRITICAL WARNING: [Project 1-19] Could not find the file 'E:/Xilinx_project/HDL_projects_for_digital_circuit_course/Learning/ALU/ALU.srcs/sources_1/new/Segment_Display.vhd'.
Scanning sources...
Finished scanning sources
INFO: [IP_Flow 19-234] Refreshing IP repositories
INFO: [IP_Flow 19-1704] No user IP repositories specified
INFO: [IP_Flow 19-2313] Loaded Vivado IP repository 'D:/Program_files/Vivado/2020.2/data/ip'.
update_compile_order -fileset sources_1
update_compile_order -fileset sim_1
update_compile_order -fileset sources_1
export_ip_user_files -of_objects  [get_files E:/Xilinx_project/HDL_projects_for_digital_circuit_course/Learning/ALU/ALU.srcs/sources_1/new/Segment_Display.vhd] -no_script -reset -force -quiet
remove_files  E:/Xilinx_project/HDL_projects_for_digital_circuit_course/Learning/ALU/ALU.srcs/sources_1/new/Segment_Display.vhd
export_ip_user_files -of_objects  [get_files E:/Xilinx_project/HDL_projects_for_digital_circuit_course/Learning/ALU/ALU.srcs/sources_1/new/eight_bit_adder.vhd] -no_script -reset -force -quiet
remove_files  E:/Xilinx_project/HDL_projects_for_digital_circuit_course/Learning/ALU/ALU.srcs/sources_1/new/eight_bit_adder.vhd
export_ip_user_files -of_objects  [get_files E:/Xilinx_project/HDL_projects_for_digital_circuit_course/Learning/ALU/ALU.srcs/sources_1/new/four_to_one_MUX.vhd] -no_script -reset -force -quiet
remove_files  E:/Xilinx_project/HDL_projects_for_digital_circuit_course/Learning/ALU/ALU.srcs/sources_1/new/four_to_one_MUX.vhd
export_ip_user_files -of_objects  [get_files E:/Xilinx_project/HDL_projects_for_digital_circuit_course/Learning/ALU/ALU.srcs/sources_1/new/two_to_one_MUX.vhd] -no_script -reset -force -quiet
remove_files  E:/Xilinx_project/HDL_projects_for_digital_circuit_course/Learning/ALU/ALU.srcs/sources_1/new/two_to_one_MUX.vhd
file mkdir D:/Users/lzh/Desktop/ALU_v1.1/ALU_v1.1.srcs/sources_1/new
close [ open D:/Users/lzh/Desktop/ALU_v1.1/ALU_v1.1.srcs/sources_1/new/ALU_v1.1 w ]
add_files D:/Users/lzh/Desktop/ALU_v1.1/ALU_v1.1.srcs/sources_1/new/ALU_v1.1
set_property file_type VHDL [get_files  D:/Users/lzh/Desktop/ALU_v1.1/ALU_v1.1.srcs/sources_1/new/ALU_v1.1]
update_compile_order -fileset sources_1
import_files -norecurse {E:/Xilinx_project/HDL_projects_for_digital_circuit_course/Learning/ALU/ALU.srcs/sources_1/new/four_to_one_MUX.vhd E:/Xilinx_project/HDL_projects_for_digital_circuit_course/Learning/ALU/ALU.srcs/sources_1/new/eight_bit_adder.vhd E:/Xilinx_project/HDL_projects_for_digital_circuit_course/Learning/ALU/ALU.srcs/sources_1/new/two_to_one_MUX.vhd}
update_compile_order -fileset sources_1
update_compile_order -fileset sources_1
launch_simulation
Command: launch_simulation 
INFO: [Vivado 12-5682] Launching behavioral simulation in 'D:/Users/lzh/Desktop/ALU_v1.1/ALU_v1.1.sim/sim_1/behav/xsim'
INFO: [SIM-utils-51] Simulation object is 'sim_1'
INFO: [SIM-utils-54] Inspecting design source files for 'ALU_tb' in fileset 'sim_1'...
INFO: [USF-XSim-97] Finding global include files...
INFO: [USF-XSim-98] Fetching design files from 'sim_1'...
INFO: [USF-XSim-2] XSim::Compile design
INFO: [USF-XSim-61] Executing 'COMPILE and ANALYZE' step in 'D:/Users/lzh/Desktop/ALU_v1.1/ALU_v1.1.sim/sim_1/behav/xsim'
"xvhdl --incr --relax -prj ALU_tb_vhdl.prj"
INFO: [VRFC 10-163] Analyzing VHDL file "D:/Users/lzh/Desktop/ALU_v1.1/ALU_v1.1.srcs/sim_1/imports/new/ALU_tb.vhd" into library xil_defaultlib
INFO: [VRFC 10-3107] analyzing entity 'ALU_tb'
INFO: [USF-XSim-69] 'compile' step finished in '1' seconds
INFO: [USF-XSim-3] XSim::Elaborate design
INFO: [USF-XSim-61] Executing 'ELABORATE' step in 'D:/Users/lzh/Desktop/ALU_v1.1/ALU_v1.1.sim/sim_1/behav/xsim'
"xelab -wto e0f357a28fc343679e5fc3f653d4934b --incr --debug typical --relax --mt 2 -L xil_defaultlib -L secureip --snapshot ALU_tb_behav xil_defaultlib.ALU_tb -log elaborate.log"
Vivado Simulator v2020.2.2
Copyright 1986-1999, 2001-2021 Xilinx, Inc. All Rights Reserved.
Running: D:/Program_files/Vivado/2020.2/bin/unwrapped/win64.o/xelab.exe -wto e0f357a28fc343679e5fc3f653d4934b --incr --debug typical --relax --mt 2 -L xil_defaultlib -L secureip --snapshot ALU_tb_behav xil_defaultlib.ALU_tb -log elaborate.log 
Using 2 slave threads.
Starting static elaboration
WARNING: [VRFC 10-4940] 'alu' remains a black box since it has no binding entity [D:/Users/lzh/Desktop/ALU_v1.1/ALU_v1.1.srcs/sim_1/imports/new/ALU_tb.vhd:31]
Completed static elaboration
Starting simulation data flow analysis
Completed simulation data flow analysis
Time Resolution for simulation is 1ps
Compiling package std.standard
Compiling package std.textio
Compiling package ieee.std_logic_1164
Compiling architecture behavioral of entity xil_defaultlib.alu_tb
Built simulation snapshot ALU_tb_behav

****** Webtalk v2020.2.2 (64-bit)
  **** SW Build 3118627 on Tue Feb  9 05:14:06 MST 2021
  **** IP Build 3115676 on Tue Feb  9 10:48:11 MST 2021
    ** Copyright 1986-2021 Xilinx, Inc. All Rights Reserved.

source D:/Users/lzh/Desktop/ALU_v1.1/ALU_v1.1.sim/sim_1/behav/xsim/xsim.dir/ALU_tb_behav/webtalk/xsim_webtalk.tcl -notrace
INFO: [Common 17-186] 'D:/Users/lzh/Desktop/ALU_v1.1/ALU_v1.1.sim/sim_1/behav/xsim/xsim.dir/ALU_tb_behav/webtalk/usage_statistics_ext_xsim.xml' has been successfully sent to Xilinx on Thu May 27 21:33:36 2021. For additional details about this file, please refer to the WebTalk help file at D:/Program_files/Vivado/2020.2/doc/webtalk_introduction.html.
INFO: [Common 17-206] Exiting Webtalk at Thu May 27 21:33:36 2021...
run_program: Time (s): cpu = 00:00:00 ; elapsed = 00:00:05 . Memory (MB): peak = 1028.012 ; gain = 0.000
INFO: [USF-XSim-69] 'elaborate' step finished in '5' seconds
INFO: [USF-XSim-4] XSim::Simulate design
INFO: [USF-XSim-61] Executing 'SIMULATE' step in 'D:/Users/lzh/Desktop/ALU_v1.1/ALU_v1.1.sim/sim_1/behav/xsim'
INFO: [USF-XSim-98] *** Running xsim
   with args "ALU_tb_behav -key {Behavioral:sim_1:Functional:ALU_tb} -tclbatch {ALU_tb.tcl} -log {simulate.log}"
INFO: [USF-XSim-8] Loading simulator feature
Vivado Simulator v2020.2.2
Time resolution is 1 ps
source ALU_tb.tcl
# set curr_wave [current_wave_config]
# if { [string length $curr_wave] == 0 } {
#   if { [llength [get_objects]] > 0} {
#     add_wave /
#     set_property needs_save false [current_wave_config]
#   } else {
#      send_msg_id Add_Wave-1 WARNING "No top level signals found. Simulator will start without a wave window. If you want to open a wave window go to 'File->New Waveform Configuration' or type 'create_wave_config' in the TCL console."
#   }
# }
# run 1000ns
INFO: [USF-XSim-96] XSim completed. Design snapshot 'ALU_tb_behav' loaded.
INFO: [USF-XSim-97] XSim simulation ran for 1000ns
launch_simulation: Time (s): cpu = 00:00:04 ; elapsed = 00:00:09 . Memory (MB): peak = 1028.012 ; gain = 0.000
close_sim
INFO: [Simtcl 6-16] Simulation closed
close_sim: Time (s): cpu = 00:00:01 ; elapsed = 00:00:06 . Memory (MB): peak = 1047.348 ; gain = 10.188
launch_simulation
Command: launch_simulation 
INFO: [Vivado 12-5682] Launching behavioral simulation in 'D:/Users/lzh/Desktop/ALU_v1.1/ALU_v1.1.sim/sim_1/behav/xsim'
INFO: [SIM-utils-51] Simulation object is 'sim_1'
INFO: [SIM-utils-54] Inspecting design source files for 'ALU_tb' in fileset 'sim_1'...
INFO: [USF-XSim-97] Finding global include files...
INFO: [USF-XSim-98] Fetching design files from 'sim_1'...
INFO: [USF-XSim-2] XSim::Compile design
INFO: [USF-XSim-61] Executing 'COMPILE and ANALYZE' step in 'D:/Users/lzh/Desktop/ALU_v1.1/ALU_v1.1.sim/sim_1/behav/xsim'
"xvhdl --incr --relax -prj ALU_tb_vhdl.prj"
INFO: [VRFC 10-163] Analyzing VHDL file "D:/Users/lzh/Desktop/ALU_v1.1/ALU_v1.1.srcs/sources_1/new/ALU_v1.1" into library xil_defaultlib
INFO: [VRFC 10-3107] analyzing entity 'ALU_v1_1'
INFO: [VRFC 10-163] Analyzing VHDL file "D:/Users/lzh/Desktop/ALU_v1.1/ALU_v1.1.srcs/sources_1/imports/new/eight_bit_adder.vhd" into library xil_defaultlib
INFO: [VRFC 10-3107] analyzing entity 'eight_bit_adder'
INFO: [VRFC 10-163] Analyzing VHDL file "D:/Users/lzh/Desktop/ALU_v1.1/ALU_v1.1.srcs/sources_1/imports/new/four_to_one_MUX.vhd" into library xil_defaultlib
INFO: [VRFC 10-3107] analyzing entity 'four_to_one_MUX'
INFO: [VRFC 10-163] Analyzing VHDL file "D:/Users/lzh/Desktop/ALU_v1.1/ALU_v1.1.srcs/sources_1/imports/new/two_to_one_MUX.vhd" into library xil_defaultlib
INFO: [VRFC 10-3107] analyzing entity 'two_to_one_MUX'
INFO: [VRFC 10-163] Analyzing VHDL file "D:/Users/lzh/Desktop/ALU_v1.1/ALU_v1.1.srcs/sim_1/imports/new/ALU_tb.vhd" into library xil_defaultlib
INFO: [VRFC 10-3107] analyzing entity 'ALU_tb'
INFO: [USF-XSim-69] 'compile' step finished in '1' seconds
INFO: [USF-XSim-3] XSim::Elaborate design
INFO: [USF-XSim-61] Executing 'ELABORATE' step in 'D:/Users/lzh/Desktop/ALU_v1.1/ALU_v1.1.sim/sim_1/behav/xsim'
"xelab -wto e0f357a28fc343679e5fc3f653d4934b --incr --debug typical --relax --mt 2 -L xil_defaultlib -L secureip --snapshot ALU_tb_behav xil_defaultlib.ALU_tb -log elaborate.log"
Vivado Simulator v2020.2.2
Copyright 1986-1999, 2001-2021 Xilinx, Inc. All Rights Reserved.
Running: D:/Program_files/Vivado/2020.2/bin/unwrapped/win64.o/xelab.exe -wto e0f357a28fc343679e5fc3f653d4934b --incr --debug typical --relax --mt 2 -L xil_defaultlib -L secureip --snapshot ALU_tb_behav xil_defaultlib.ALU_tb -log elaborate.log 
Using 2 slave threads.
Starting static elaboration
Completed static elaboration
Starting simulation data flow analysis
Completed simulation data flow analysis
Time Resolution for simulation is 1ps
Compiling package std.standard
Compiling package std.textio
Compiling package ieee.std_logic_1164
Compiling architecture behavioral of entity xil_defaultlib.two_to_one_MUX [two_to_one_mux_default]
Compiling architecture behavioral of entity xil_defaultlib.eight_bit_adder [eight_bit_adder_default]
Compiling architecture behavioral of entity xil_defaultlib.four_to_one_MUX [four_to_one_mux_default]
Compiling architecture behavioral of entity xil_defaultlib.ALU_v1_1 [alu_v1_1_default]
Compiling architecture behavioral of entity xil_defaultlib.alu_tb
Built simulation snapshot ALU_tb_behav
INFO: [USF-XSim-69] 'elaborate' step finished in '1' seconds
INFO: [USF-XSim-4] XSim::Simulate design
INFO: [USF-XSim-61] Executing 'SIMULATE' step in 'D:/Users/lzh/Desktop/ALU_v1.1/ALU_v1.1.sim/sim_1/behav/xsim'
INFO: [USF-XSim-98] *** Running xsim
   with args "ALU_tb_behav -key {Behavioral:sim_1:Functional:ALU_tb} -tclbatch {ALU_tb.tcl} -log {simulate.log}"
INFO: [USF-XSim-8] Loading simulator feature
Vivado Simulator v2020.2.2
Time resolution is 1 ps
source ALU_tb.tcl
# set curr_wave [current_wave_config]
# if { [string length $curr_wave] == 0 } {
#   if { [llength [get_objects]] > 0} {
#     add_wave /
#     set_property needs_save false [current_wave_config]
#   } else {
#      send_msg_id Add_Wave-1 WARNING "No top level signals found. Simulator will start without a wave window. If you want to open a wave window go to 'File->New Waveform Configuration' or type 'create_wave_config' in the TCL console."
#   }
# }
# run 1000ns
INFO: [USF-XSim-96] XSim completed. Design snapshot 'ALU_tb_behav' loaded.
INFO: [USF-XSim-97] XSim simulation ran for 1000ns
close_sim
INFO: [Simtcl 6-16] Simulation closed
launch_simulation
Command: launch_simulation 
INFO: [Vivado 12-5682] Launching behavioral simulation in 'D:/Users/lzh/Desktop/ALU_v1.1/ALU_v1.1.sim/sim_1/behav/xsim'
INFO: [SIM-utils-51] Simulation object is 'sim_1'
INFO: [SIM-utils-54] Inspecting design source files for 'ALU_tb' in fileset 'sim_1'...
INFO: [USF-XSim-97] Finding global include files...
INFO: [USF-XSim-98] Fetching design files from 'sim_1'...
INFO: [USF-XSim-2] XSim::Compile design
INFO: [USF-XSim-61] Executing 'COMPILE and ANALYZE' step in 'D:/Users/lzh/Desktop/ALU_v1.1/ALU_v1.1.sim/sim_1/behav/xsim'
"xvhdl --incr --relax -prj ALU_tb_vhdl.prj"
INFO: [VRFC 10-163] Analyzing VHDL file "D:/Users/lzh/Desktop/ALU_v1.1/ALU_v1.1.srcs/sources_1/new/ALU_v1.1" into library xil_defaultlib
INFO: [VRFC 10-3107] analyzing entity 'ALU_v1_1'
INFO: [USF-XSim-69] 'compile' step finished in '1' seconds
INFO: [USF-XSim-3] XSim::Elaborate design
INFO: [USF-XSim-61] Executing 'ELABORATE' step in 'D:/Users/lzh/Desktop/ALU_v1.1/ALU_v1.1.sim/sim_1/behav/xsim'
"xelab -wto e0f357a28fc343679e5fc3f653d4934b --incr --debug typical --relax --mt 2 -L xil_defaultlib -L secureip --snapshot ALU_tb_behav xil_defaultlib.ALU_tb -log elaborate.log"
Vivado Simulator v2020.2.2
Copyright 1986-1999, 2001-2021 Xilinx, Inc. All Rights Reserved.
Running: D:/Program_files/Vivado/2020.2/bin/unwrapped/win64.o/xelab.exe -wto e0f357a28fc343679e5fc3f653d4934b --incr --debug typical --relax --mt 2 -L xil_defaultlib -L secureip --snapshot ALU_tb_behav xil_defaultlib.ALU_tb -log elaborate.log 
Using 2 slave threads.
Starting static elaboration
Completed static elaboration
Starting simulation data flow analysis
Completed simulation data flow analysis
Time Resolution for simulation is 1ps
Compiling package std.standard
Compiling package std.textio
Compiling package ieee.std_logic_1164
Compiling architecture behavioral of entity xil_defaultlib.two_to_one_MUX [two_to_one_mux_default]
Compiling architecture behavioral of entity xil_defaultlib.eight_bit_adder [eight_bit_adder_default]
Compiling architecture behavioral of entity xil_defaultlib.four_to_one_MUX [four_to_one_mux_default]
Compiling architecture behavioral of entity xil_defaultlib.ALU_v1_1 [alu_v1_1_default]
Compiling architecture behavioral of entity xil_defaultlib.alu_tb
Built simulation snapshot ALU_tb_behav
INFO: [USF-XSim-69] 'elaborate' step finished in '1' seconds
INFO: [USF-XSim-4] XSim::Simulate design
INFO: [USF-XSim-61] Executing 'SIMULATE' step in 'D:/Users/lzh/Desktop/ALU_v1.1/ALU_v1.1.sim/sim_1/behav/xsim'
INFO: [USF-XSim-98] *** Running xsim
   with args "ALU_tb_behav -key {Behavioral:sim_1:Functional:ALU_tb} -tclbatch {ALU_tb.tcl} -log {simulate.log}"
INFO: [USF-XSim-8] Loading simulator feature
Vivado Simulator v2020.2.2
Time resolution is 1 ps
source ALU_tb.tcl
# set curr_wave [current_wave_config]
# if { [string length $curr_wave] == 0 } {
#   if { [llength [get_objects]] > 0} {
#     add_wave /
#     set_property needs_save false [current_wave_config]
#   } else {
#      send_msg_id Add_Wave-1 WARNING "No top level signals found. Simulator will start without a wave window. If you want to open a wave window go to 'File->New Waveform Configuration' or type 'create_wave_config' in the TCL console."
#   }
# }
# run 1000ns
INFO: [USF-XSim-96] XSim completed. Design snapshot 'ALU_tb_behav' loaded.
INFO: [USF-XSim-97] XSim simulation ran for 1000ns
close_sim
INFO: [Simtcl 6-16] Simulation closed
launch_simulation
Command: launch_simulation 
INFO: [Vivado 12-5682] Launching behavioral simulation in 'D:/Users/lzh/Desktop/ALU_v1.1/ALU_v1.1.sim/sim_1/behav/xsim'
INFO: [SIM-utils-51] Simulation object is 'sim_1'
INFO: [SIM-utils-54] Inspecting design source files for 'ALU_tb' in fileset 'sim_1'...
INFO: [USF-XSim-97] Finding global include files...
INFO: [USF-XSim-98] Fetching design files from 'sim_1'...
INFO: [USF-XSim-2] XSim::Compile design
INFO: [USF-XSim-61] Executing 'COMPILE and ANALYZE' step in 'D:/Users/lzh/Desktop/ALU_v1.1/ALU_v1.1.sim/sim_1/behav/xsim'
"xvhdl --incr --relax -prj ALU_tb_vhdl.prj"
INFO: [VRFC 10-163] Analyzing VHDL file "D:/Users/lzh/Desktop/ALU_v1.1/ALU_v1.1.srcs/sources_1/new/ALU_v1.1" into library xil_defaultlib
INFO: [VRFC 10-3107] analyzing entity 'ALU_v1_1'
INFO: [VRFC 10-163] Analyzing VHDL file "D:/Users/lzh/Desktop/ALU_v1.1/ALU_v1.1.srcs/sources_1/imports/new/eight_bit_adder.vhd" into library xil_defaultlib
INFO: [VRFC 10-3107] analyzing entity 'eight_bit_adder'
INFO: [VRFC 10-163] Analyzing VHDL file "D:/Users/lzh/Desktop/ALU_v1.1/ALU_v1.1.srcs/sources_1/imports/new/four_to_one_MUX.vhd" into library xil_defaultlib
INFO: [VRFC 10-3107] analyzing entity 'four_to_one_MUX'
INFO: [USF-XSim-69] 'compile' step finished in '1' seconds
INFO: [USF-XSim-3] XSim::Elaborate design
INFO: [USF-XSim-61] Executing 'ELABORATE' step in 'D:/Users/lzh/Desktop/ALU_v1.1/ALU_v1.1.sim/sim_1/behav/xsim'
"xelab -wto e0f357a28fc343679e5fc3f653d4934b --incr --debug typical --relax --mt 2 -L xil_defaultlib -L secureip --snapshot ALU_tb_behav xil_defaultlib.ALU_tb -log elaborate.log"
Vivado Simulator v2020.2.2
Copyright 1986-1999, 2001-2021 Xilinx, Inc. All Rights Reserved.
Running: D:/Program_files/Vivado/2020.2/bin/unwrapped/win64.o/xelab.exe -wto e0f357a28fc343679e5fc3f653d4934b --incr --debug typical --relax --mt 2 -L xil_defaultlib -L secureip --snapshot ALU_tb_behav xil_defaultlib.ALU_tb -log elaborate.log 
Using 2 slave threads.
Starting static elaboration
Completed static elaboration
Starting simulation data flow analysis
Completed simulation data flow analysis
Time Resolution for simulation is 1ps
Compiling package std.standard
Compiling package std.textio
Compiling package ieee.std_logic_1164
Compiling architecture behavioral of entity xil_defaultlib.two_to_one_MUX [two_to_one_mux_default]
Compiling architecture behavioral of entity xil_defaultlib.eight_bit_adder [eight_bit_adder_default]
Compiling architecture behavioral of entity xil_defaultlib.four_to_one_MUX [four_to_one_mux_default]
Compiling architecture behavioral of entity xil_defaultlib.ALU_v1_1 [alu_v1_1_default]
Compiling architecture behavioral of entity xil_defaultlib.alu_tb
Built simulation snapshot ALU_tb_behav
INFO: [USF-XSim-69] 'elaborate' step finished in '1' seconds
INFO: [USF-XSim-4] XSim::Simulate design
INFO: [USF-XSim-61] Executing 'SIMULATE' step in 'D:/Users/lzh/Desktop/ALU_v1.1/ALU_v1.1.sim/sim_1/behav/xsim'
INFO: [USF-XSim-98] *** Running xsim
   with args "ALU_tb_behav -key {Behavioral:sim_1:Functional:ALU_tb} -tclbatch {ALU_tb.tcl} -log {simulate.log}"
INFO: [USF-XSim-8] Loading simulator feature
Vivado Simulator v2020.2.2
Time resolution is 1 ps
source ALU_tb.tcl
# set curr_wave [current_wave_config]
# if { [string length $curr_wave] == 0 } {
#   if { [llength [get_objects]] > 0} {
#     add_wave /
#     set_property needs_save false [current_wave_config]
#   } else {
#      send_msg_id Add_Wave-1 WARNING "No top level signals found. Simulator will start without a wave window. If you want to open a wave window go to 'File->New Waveform Configuration' or type 'create_wave_config' in the TCL console."
#   }
# }
# run 1000ns
INFO: [USF-XSim-96] XSim completed. Design snapshot 'ALU_tb_behav' loaded.
INFO: [USF-XSim-97] XSim simulation ran for 1000ns
launch_simulation: Time (s): cpu = 00:00:02 ; elapsed = 00:00:05 . Memory (MB): peak = 1065.305 ; gain = 0.000
close_sim
INFO: [Simtcl 6-16] Simulation closed
launch_simulation
Command: launch_simulation 
INFO: [Vivado 12-5682] Launching behavioral simulation in 'D:/Users/lzh/Desktop/ALU_v1.1/ALU_v1.1.sim/sim_1/behav/xsim'
INFO: [SIM-utils-51] Simulation object is 'sim_1'
INFO: [SIM-utils-54] Inspecting design source files for 'ALU_tb' in fileset 'sim_1'...
INFO: [USF-XSim-97] Finding global include files...
INFO: [USF-XSim-98] Fetching design files from 'sim_1'...
INFO: [USF-XSim-2] XSim::Compile design
INFO: [USF-XSim-61] Executing 'COMPILE and ANALYZE' step in 'D:/Users/lzh/Desktop/ALU_v1.1/ALU_v1.1.sim/sim_1/behav/xsim'
"xvhdl --incr --relax -prj ALU_tb_vhdl.prj"
INFO: [USF-XSim-69] 'compile' step finished in '1' seconds
INFO: [USF-XSim-3] XSim::Elaborate design
INFO: [USF-XSim-61] Executing 'ELABORATE' step in 'D:/Users/lzh/Desktop/ALU_v1.1/ALU_v1.1.sim/sim_1/behav/xsim'
"xelab -wto e0f357a28fc343679e5fc3f653d4934b --incr --debug typical --relax --mt 2 -L xil_defaultlib -L secureip --snapshot ALU_tb_behav xil_defaultlib.ALU_tb -log elaborate.log"
Vivado Simulator v2020.2.2
Copyright 1986-1999, 2001-2021 Xilinx, Inc. All Rights Reserved.
Running: D:/Program_files/Vivado/2020.2/bin/unwrapped/win64.o/xelab.exe -wto e0f357a28fc343679e5fc3f653d4934b --incr --debug typical --relax --mt 2 -L xil_defaultlib -L secureip --snapshot ALU_tb_behav xil_defaultlib.ALU_tb -log elaborate.log 
Using 2 slave threads.
Starting static elaboration
Completed static elaboration
INFO: [XSIM 43-4323] No Change in HDL. Linking previously generated obj files to create kernel
INFO: [USF-XSim-69] 'elaborate' step finished in '1' seconds
INFO: [USF-XSim-4] XSim::Simulate design
INFO: [USF-XSim-61] Executing 'SIMULATE' step in 'D:/Users/lzh/Desktop/ALU_v1.1/ALU_v1.1.sim/sim_1/behav/xsim'
INFO: [USF-XSim-98] *** Running xsim
   with args "ALU_tb_behav -key {Behavioral:sim_1:Functional:ALU_tb} -tclbatch {ALU_tb.tcl} -log {simulate.log}"
INFO: [USF-XSim-8] Loading simulator feature
Vivado Simulator v2020.2.2
Time resolution is 1 ps
source ALU_tb.tcl
# set curr_wave [current_wave_config]
# if { [string length $curr_wave] == 0 } {
#   if { [llength [get_objects]] > 0} {
#     add_wave /
#     set_property needs_save false [current_wave_config]
#   } else {
#      send_msg_id Add_Wave-1 WARNING "No top level signals found. Simulator will start without a wave window. If you want to open a wave window go to 'File->New Waveform Configuration' or type 'create_wave_config' in the TCL console."
#   }
# }
# run 1000ns
INFO: [USF-XSim-96] XSim completed. Design snapshot 'ALU_tb_behav' loaded.
INFO: [USF-XSim-97] XSim simulation ran for 1000ns
add_bp {D:/Users/lzh/Desktop/ALU_v1.1/ALU_v1.1.srcs/sim_1/imports/new/ALU_tb.vhd} 47
remove_bps -file {D:/Users/lzh/Desktop/ALU_v1.1/ALU_v1.1.srcs/sim_1/imports/new/ALU_tb.vhd} -line 47
close_sim
INFO: [Simtcl 6-16] Simulation closed
launch_simulation
Command: launch_simulation 
INFO: [Vivado 12-5682] Launching behavioral simulation in 'D:/Users/lzh/Desktop/ALU_v1.1/ALU_v1.1.sim/sim_1/behav/xsim'
INFO: [SIM-utils-51] Simulation object is 'sim_1'
INFO: [SIM-utils-54] Inspecting design source files for 'ALU_tb' in fileset 'sim_1'...
INFO: [USF-XSim-97] Finding global include files...
INFO: [USF-XSim-98] Fetching design files from 'sim_1'...
INFO: [USF-XSim-2] XSim::Compile design
INFO: [USF-XSim-61] Executing 'COMPILE and ANALYZE' step in 'D:/Users/lzh/Desktop/ALU_v1.1/ALU_v1.1.sim/sim_1/behav/xsim'
"xvhdl --incr --relax -prj ALU_tb_vhdl.prj"
INFO: [VRFC 10-163] Analyzing VHDL file "D:/Users/lzh/Desktop/ALU_v1.1/ALU_v1.1.srcs/sim_1/imports/new/ALU_tb.vhd" into library xil_defaultlib
INFO: [VRFC 10-3107] analyzing entity 'ALU_tb'
INFO: [USF-XSim-69] 'compile' step finished in '1' seconds
INFO: [USF-XSim-3] XSim::Elaborate design
INFO: [USF-XSim-61] Executing 'ELABORATE' step in 'D:/Users/lzh/Desktop/ALU_v1.1/ALU_v1.1.sim/sim_1/behav/xsim'
"xelab -wto e0f357a28fc343679e5fc3f653d4934b --incr --debug typical --relax --mt 2 -L xil_defaultlib -L secureip --snapshot ALU_tb_behav xil_defaultlib.ALU_tb -log elaborate.log"
Vivado Simulator v2020.2.2
Copyright 1986-1999, 2001-2021 Xilinx, Inc. All Rights Reserved.
Running: D:/Program_files/Vivado/2020.2/bin/unwrapped/win64.o/xelab.exe -wto e0f357a28fc343679e5fc3f653d4934b --incr --debug typical --relax --mt 2 -L xil_defaultlib -L secureip --snapshot ALU_tb_behav xil_defaultlib.ALU_tb -log elaborate.log 
Using 2 slave threads.
Starting static elaboration
Completed static elaboration
Starting simulation data flow analysis
Completed simulation data flow analysis
Time Resolution for simulation is 1ps
Compiling package std.standard
Compiling package std.textio
Compiling package ieee.std_logic_1164
Compiling architecture behavioral of entity xil_defaultlib.two_to_one_MUX [two_to_one_mux_default]
Compiling architecture behavioral of entity xil_defaultlib.eight_bit_adder [eight_bit_adder_default]
Compiling architecture behavioral of entity xil_defaultlib.four_to_one_MUX [four_to_one_mux_default]
Compiling architecture behavioral of entity xil_defaultlib.ALU_v1_1 [alu_v1_1_default]
Compiling architecture behavioral of entity xil_defaultlib.alu_tb
Built simulation snapshot ALU_tb_behav
INFO: [USF-XSim-69] 'elaborate' step finished in '1' seconds
INFO: [USF-XSim-4] XSim::Simulate design
INFO: [USF-XSim-61] Executing 'SIMULATE' step in 'D:/Users/lzh/Desktop/ALU_v1.1/ALU_v1.1.sim/sim_1/behav/xsim'
INFO: [USF-XSim-98] *** Running xsim
   with args "ALU_tb_behav -key {Behavioral:sim_1:Functional:ALU_tb} -tclbatch {ALU_tb.tcl} -log {simulate.log}"
INFO: [USF-XSim-8] Loading simulator feature
Vivado Simulator v2020.2.2
Time resolution is 1 ps
source ALU_tb.tcl
# set curr_wave [current_wave_config]
# if { [string length $curr_wave] == 0 } {
#   if { [llength [get_objects]] > 0} {
#     add_wave /
#     set_property needs_save false [current_wave_config]
#   } else {
#      send_msg_id Add_Wave-1 WARNING "No top level signals found. Simulator will start without a wave window. If you want to open a wave window go to 'File->New Waveform Configuration' or type 'create_wave_config' in the TCL console."
#   }
# }
# run 1000ns
INFO: [USF-XSim-96] XSim completed. Design snapshot 'ALU_tb_behav' loaded.
INFO: [USF-XSim-97] XSim simulation ran for 1000ns
relaunch_sim
Command: launch_simulation -simset sim_1 -mode behavioral
INFO: [Vivado 12-5682] Launching behavioral simulation in 'D:/Users/lzh/Desktop/ALU_v1.1/ALU_v1.1.sim/sim_1/behav/xsim'
INFO: [SIM-utils-51] Simulation object is 'sim_1'
INFO: [SIM-utils-54] Inspecting design source files for 'ALU_tb' in fileset 'sim_1'...
INFO: [USF-XSim-97] Finding global include files...
INFO: [USF-XSim-98] Fetching design files from 'sim_1'...
INFO: [USF-XSim-2] XSim::Compile design
INFO: [USF-XSim-61] Executing 'COMPILE and ANALYZE' step in 'D:/Users/lzh/Desktop/ALU_v1.1/ALU_v1.1.sim/sim_1/behav/xsim'
"xvhdl --incr --relax -prj ALU_tb_vhdl.prj"
INFO: [USF-XSim-69] 'compile' step finished in '1' seconds
Command: launch_simulation -simset sim_1 -mode behavioral
INFO: [Vivado 12-5682] Launching behavioral simulation in 'D:/Users/lzh/Desktop/ALU_v1.1/ALU_v1.1.sim/sim_1/behav/xsim'
INFO: [USF-XSim-3] XSim::Elaborate design
INFO: [USF-XSim-61] Executing 'ELABORATE' step in 'D:/Users/lzh/Desktop/ALU_v1.1/ALU_v1.1.sim/sim_1/behav/xsim'
"xelab -wto e0f357a28fc343679e5fc3f653d4934b --incr --debug typical --relax --mt 2 -L xil_defaultlib -L secureip --snapshot ALU_tb_behav xil_defaultlib.ALU_tb -log elaborate.log"
Vivado Simulator v2020.2.2
Copyright 1986-1999, 2001-2021 Xilinx, Inc. All Rights Reserved.
Running: D:/Program_files/Vivado/2020.2/bin/unwrapped/win64.o/xelab.exe -wto e0f357a28fc343679e5fc3f653d4934b --incr --debug typical --relax --mt 2 -L xil_defaultlib -L secureip --snapshot ALU_tb_behav xil_defaultlib.ALU_tb -log elaborate.log 
Using 2 slave threads.
Starting static elaboration
Completed static elaboration
INFO: [XSIM 43-4323] No Change in HDL. Linking previously generated obj files to create kernel
INFO: [USF-XSim-69] 'elaborate' step finished in '1' seconds
Vivado Simulator v2020.2.2
Time resolution is 1 ps
run all
run: Time (s): cpu = 00:00:06 ; elapsed = 00:00:05 . Memory (MB): peak = 1096.805 ; gain = 0.000
relaunch_sim
Command: launch_simulation -simset sim_1 -mode behavioral
INFO: [Vivado 12-5682] Launching behavioral simulation in 'D:/Users/lzh/Desktop/ALU_v1.1/ALU_v1.1.sim/sim_1/behav/xsim'
INFO: [SIM-utils-51] Simulation object is 'sim_1'
INFO: [SIM-utils-54] Inspecting design source files for 'ALU_tb' in fileset 'sim_1'...
INFO: [USF-XSim-97] Finding global include files...
INFO: [USF-XSim-98] Fetching design files from 'sim_1'...
INFO: [USF-XSim-2] XSim::Compile design
INFO: [USF-XSim-61] Executing 'COMPILE and ANALYZE' step in 'D:/Users/lzh/Desktop/ALU_v1.1/ALU_v1.1.sim/sim_1/behav/xsim'
"xvhdl --incr --relax -prj ALU_tb_vhdl.prj"
INFO: [USF-XSim-69] 'compile' step finished in '1' seconds
Command: launch_simulation -simset sim_1 -mode behavioral
INFO: [Vivado 12-5682] Launching behavioral simulation in 'D:/Users/lzh/Desktop/ALU_v1.1/ALU_v1.1.sim/sim_1/behav/xsim'
INFO: [USF-XSim-3] XSim::Elaborate design
INFO: [USF-XSim-61] Executing 'ELABORATE' step in 'D:/Users/lzh/Desktop/ALU_v1.1/ALU_v1.1.sim/sim_1/behav/xsim'
"xelab -wto e0f357a28fc343679e5fc3f653d4934b --incr --debug typical --relax --mt 2 -L xil_defaultlib -L secureip --snapshot ALU_tb_behav xil_defaultlib.ALU_tb -log elaborate.log"
Vivado Simulator v2020.2.2
Copyright 1986-1999, 2001-2021 Xilinx, Inc. All Rights Reserved.
Running: D:/Program_files/Vivado/2020.2/bin/unwrapped/win64.o/xelab.exe -wto e0f357a28fc343679e5fc3f653d4934b --incr --debug typical --relax --mt 2 -L xil_defaultlib -L secureip --snapshot ALU_tb_behav xil_defaultlib.ALU_tb -log elaborate.log 
Using 2 slave threads.
Starting static elaboration
Completed static elaboration
INFO: [XSIM 43-4323] No Change in HDL. Linking previously generated obj files to create kernel
INFO: [USF-XSim-69] 'elaborate' step finished in '1' seconds
Vivado Simulator v2020.2.2
Time resolution is 1 ps
run 40 ns
relaunch_sim
Command: launch_simulation -simset sim_1 -mode behavioral
INFO: [Vivado 12-5682] Launching behavioral simulation in 'D:/Users/lzh/Desktop/ALU_v1.1/ALU_v1.1.sim/sim_1/behav/xsim'
INFO: [SIM-utils-51] Simulation object is 'sim_1'
INFO: [SIM-utils-54] Inspecting design source files for 'ALU_tb' in fileset 'sim_1'...
INFO: [USF-XSim-97] Finding global include files...
INFO: [USF-XSim-98] Fetching design files from 'sim_1'...
INFO: [USF-XSim-2] XSim::Compile design
INFO: [USF-XSim-61] Executing 'COMPILE and ANALYZE' step in 'D:/Users/lzh/Desktop/ALU_v1.1/ALU_v1.1.sim/sim_1/behav/xsim'
"xvhdl --incr --relax -prj ALU_tb_vhdl.prj"
INFO: [VRFC 10-163] Analyzing VHDL file "D:/Users/lzh/Desktop/ALU_v1.1/ALU_v1.1.srcs/sim_1/imports/new/ALU_tb.vhd" into library xil_defaultlib
INFO: [VRFC 10-3107] analyzing entity 'ALU_tb'
INFO: [USF-XSim-69] 'compile' step finished in '1' seconds
Command: launch_simulation -simset sim_1 -mode behavioral
INFO: [Vivado 12-5682] Launching behavioral simulation in 'D:/Users/lzh/Desktop/ALU_v1.1/ALU_v1.1.sim/sim_1/behav/xsim'
INFO: [USF-XSim-3] XSim::Elaborate design
INFO: [USF-XSim-61] Executing 'ELABORATE' step in 'D:/Users/lzh/Desktop/ALU_v1.1/ALU_v1.1.sim/sim_1/behav/xsim'
"xelab -wto e0f357a28fc343679e5fc3f653d4934b --incr --debug typical --relax --mt 2 -L xil_defaultlib -L secureip --snapshot ALU_tb_behav xil_defaultlib.ALU_tb -log elaborate.log"
Vivado Simulator v2020.2.2
Copyright 1986-1999, 2001-2021 Xilinx, Inc. All Rights Reserved.
Running: D:/Program_files/Vivado/2020.2/bin/unwrapped/win64.o/xelab.exe -wto e0f357a28fc343679e5fc3f653d4934b --incr --debug typical --relax --mt 2 -L xil_defaultlib -L secureip --snapshot ALU_tb_behav xil_defaultlib.ALU_tb -log elaborate.log 
Using 2 slave threads.
Starting static elaboration
Completed static elaboration
Starting simulation data flow analysis
Completed simulation data flow analysis
Time Resolution for simulation is 1ps
Compiling package std.standard
Compiling package std.textio
Compiling package ieee.std_logic_1164
Compiling architecture behavioral of entity xil_defaultlib.two_to_one_MUX [two_to_one_mux_default]
Compiling architecture behavioral of entity xil_defaultlib.eight_bit_adder [eight_bit_adder_default]
Compiling architecture behavioral of entity xil_defaultlib.four_to_one_MUX [four_to_one_mux_default]
Compiling architecture behavioral of entity xil_defaultlib.ALU_v1_1 [alu_v1_1_default]
Compiling architecture behavioral of entity xil_defaultlib.alu_tb
Built simulation snapshot ALU_tb_behav
INFO: [USF-XSim-69] 'elaborate' step finished in '1' seconds
Vivado Simulator v2020.2.2
Time resolution is 1 ps
relaunch_sim
Command: launch_simulation -simset sim_1 -mode behavioral
INFO: [Vivado 12-5682] Launching behavioral simulation in 'D:/Users/lzh/Desktop/ALU_v1.1/ALU_v1.1.sim/sim_1/behav/xsim'
INFO: [SIM-utils-51] Simulation object is 'sim_1'
INFO: [SIM-utils-54] Inspecting design source files for 'ALU_tb' in fileset 'sim_1'...
INFO: [USF-XSim-97] Finding global include files...
INFO: [USF-XSim-98] Fetching design files from 'sim_1'...
INFO: [USF-XSim-2] XSim::Compile design
INFO: [USF-XSim-61] Executing 'COMPILE and ANALYZE' step in 'D:/Users/lzh/Desktop/ALU_v1.1/ALU_v1.1.sim/sim_1/behav/xsim'
"xvhdl --incr --relax -prj ALU_tb_vhdl.prj"
INFO: [VRFC 10-163] Analyzing VHDL file "D:/Users/lzh/Desktop/ALU_v1.1/ALU_v1.1.srcs/sim_1/imports/new/ALU_tb.vhd" into library xil_defaultlib
INFO: [VRFC 10-3107] analyzing entity 'ALU_tb'
INFO: [USF-XSim-69] 'compile' step finished in '1' seconds
Command: launch_simulation -simset sim_1 -mode behavioral
INFO: [Vivado 12-5682] Launching behavioral simulation in 'D:/Users/lzh/Desktop/ALU_v1.1/ALU_v1.1.sim/sim_1/behav/xsim'
INFO: [USF-XSim-3] XSim::Elaborate design
INFO: [USF-XSim-61] Executing 'ELABORATE' step in 'D:/Users/lzh/Desktop/ALU_v1.1/ALU_v1.1.sim/sim_1/behav/xsim'
"xelab -wto e0f357a28fc343679e5fc3f653d4934b --incr --debug typical --relax --mt 2 -L xil_defaultlib -L secureip --snapshot ALU_tb_behav xil_defaultlib.ALU_tb -log elaborate.log"
Vivado Simulator v2020.2.2
Copyright 1986-1999, 2001-2021 Xilinx, Inc. All Rights Reserved.
Running: D:/Program_files/Vivado/2020.2/bin/unwrapped/win64.o/xelab.exe -wto e0f357a28fc343679e5fc3f653d4934b --incr --debug typical --relax --mt 2 -L xil_defaultlib -L secureip --snapshot ALU_tb_behav xil_defaultlib.ALU_tb -log elaborate.log 
Using 2 slave threads.
Starting static elaboration
Completed static elaboration
Starting simulation data flow analysis
Completed simulation data flow analysis
Time Resolution for simulation is 1ps
Compiling package std.standard
Compiling package std.textio
Compiling package ieee.std_logic_1164
Compiling architecture behavioral of entity xil_defaultlib.two_to_one_MUX [two_to_one_mux_default]
Compiling architecture behavioral of entity xil_defaultlib.eight_bit_adder [eight_bit_adder_default]
Compiling architecture behavioral of entity xil_defaultlib.four_to_one_MUX [four_to_one_mux_default]
Compiling architecture behavioral of entity xil_defaultlib.ALU_v1_1 [alu_v1_1_default]
Compiling architecture behavioral of entity xil_defaultlib.alu_tb
Built simulation snapshot ALU_tb_behav
INFO: [USF-XSim-69] 'elaborate' step finished in '2' seconds
Vivado Simulator v2020.2.2
Time resolution is 1 ps
relaunch_sim: Time (s): cpu = 00:00:00 ; elapsed = 00:00:06 . Memory (MB): peak = 1169.023 ; gain = 0.000
relaunch_sim
Command: launch_simulation -simset sim_1 -mode behavioral
INFO: [Vivado 12-5682] Launching behavioral simulation in 'D:/Users/lzh/Desktop/ALU_v1.1/ALU_v1.1.sim/sim_1/behav/xsim'
INFO: [SIM-utils-51] Simulation object is 'sim_1'
INFO: [SIM-utils-54] Inspecting design source files for 'ALU_tb' in fileset 'sim_1'...
INFO: [USF-XSim-97] Finding global include files...
INFO: [USF-XSim-98] Fetching design files from 'sim_1'...
INFO: [USF-XSim-2] XSim::Compile design
INFO: [USF-XSim-61] Executing 'COMPILE and ANALYZE' step in 'D:/Users/lzh/Desktop/ALU_v1.1/ALU_v1.1.sim/sim_1/behav/xsim'
"xvhdl --incr --relax -prj ALU_tb_vhdl.prj"
INFO: [VRFC 10-163] Analyzing VHDL file "D:/Users/lzh/Desktop/ALU_v1.1/ALU_v1.1.srcs/sim_1/imports/new/ALU_tb.vhd" into library xil_defaultlib
INFO: [VRFC 10-3107] analyzing entity 'ALU_tb'
INFO: [USF-XSim-69] 'compile' step finished in '1' seconds
Command: launch_simulation -simset sim_1 -mode behavioral
INFO: [Vivado 12-5682] Launching behavioral simulation in 'D:/Users/lzh/Desktop/ALU_v1.1/ALU_v1.1.sim/sim_1/behav/xsim'
INFO: [USF-XSim-3] XSim::Elaborate design
INFO: [USF-XSim-61] Executing 'ELABORATE' step in 'D:/Users/lzh/Desktop/ALU_v1.1/ALU_v1.1.sim/sim_1/behav/xsim'
"xelab -wto e0f357a28fc343679e5fc3f653d4934b --incr --debug typical --relax --mt 2 -L xil_defaultlib -L secureip --snapshot ALU_tb_behav xil_defaultlib.ALU_tb -log elaborate.log"
Vivado Simulator v2020.2.2
Copyright 1986-1999, 2001-2021 Xilinx, Inc. All Rights Reserved.
Running: D:/Program_files/Vivado/2020.2/bin/unwrapped/win64.o/xelab.exe -wto e0f357a28fc343679e5fc3f653d4934b --incr --debug typical --relax --mt 2 -L xil_defaultlib -L secureip --snapshot ALU_tb_behav xil_defaultlib.ALU_tb -log elaborate.log 
Using 2 slave threads.
Starting static elaboration
Completed static elaboration
Starting simulation data flow analysis
Completed simulation data flow analysis
Time Resolution for simulation is 1ps
Compiling package std.standard
Compiling package std.textio
Compiling package ieee.std_logic_1164
Compiling architecture behavioral of entity xil_defaultlib.two_to_one_MUX [two_to_one_mux_default]
Compiling architecture behavioral of entity xil_defaultlib.eight_bit_adder [eight_bit_adder_default]
Compiling architecture behavioral of entity xil_defaultlib.four_to_one_MUX [four_to_one_mux_default]
Compiling architecture behavioral of entity xil_defaultlib.ALU_v1_1 [alu_v1_1_default]
Compiling architecture behavioral of entity xil_defaultlib.alu_tb
Built simulation snapshot ALU_tb_behav
INFO: [USF-XSim-69] 'elaborate' step finished in '1' seconds
Vivado Simulator v2020.2.2
Time resolution is 1 ps
relaunch_sim: Time (s): cpu = 00:00:01 ; elapsed = 00:00:06 . Memory (MB): peak = 1671.906 ; gain = 0.465
relaunch_sim
Command: launch_simulation -simset sim_1 -mode behavioral
INFO: [Vivado 12-5682] Launching behavioral simulation in 'D:/Users/lzh/Desktop/ALU_v1.1/ALU_v1.1.sim/sim_1/behav/xsim'
INFO: [SIM-utils-51] Simulation object is 'sim_1'
INFO: [SIM-utils-54] Inspecting design source files for 'ALU_tb' in fileset 'sim_1'...
INFO: [USF-XSim-97] Finding global include files...
INFO: [USF-XSim-98] Fetching design files from 'sim_1'...
INFO: [USF-XSim-2] XSim::Compile design
INFO: [USF-XSim-61] Executing 'COMPILE and ANALYZE' step in 'D:/Users/lzh/Desktop/ALU_v1.1/ALU_v1.1.sim/sim_1/behav/xsim'
"xvhdl --incr --relax -prj ALU_tb_vhdl.prj"
INFO: [VRFC 10-163] Analyzing VHDL file "D:/Users/lzh/Desktop/ALU_v1.1/ALU_v1.1.srcs/sim_1/imports/new/ALU_tb.vhd" into library xil_defaultlib
INFO: [VRFC 10-3107] analyzing entity 'ALU_tb'
INFO: [USF-XSim-69] 'compile' step finished in '1' seconds
Command: launch_simulation -simset sim_1 -mode behavioral
INFO: [Vivado 12-5682] Launching behavioral simulation in 'D:/Users/lzh/Desktop/ALU_v1.1/ALU_v1.1.sim/sim_1/behav/xsim'
INFO: [USF-XSim-3] XSim::Elaborate design
INFO: [USF-XSim-61] Executing 'ELABORATE' step in 'D:/Users/lzh/Desktop/ALU_v1.1/ALU_v1.1.sim/sim_1/behav/xsim'
"xelab -wto e0f357a28fc343679e5fc3f653d4934b --incr --debug typical --relax --mt 2 -L xil_defaultlib -L secureip --snapshot ALU_tb_behav xil_defaultlib.ALU_tb -log elaborate.log"
Vivado Simulator v2020.2.2
Copyright 1986-1999, 2001-2021 Xilinx, Inc. All Rights Reserved.
Running: D:/Program_files/Vivado/2020.2/bin/unwrapped/win64.o/xelab.exe -wto e0f357a28fc343679e5fc3f653d4934b --incr --debug typical --relax --mt 2 -L xil_defaultlib -L secureip --snapshot ALU_tb_behav xil_defaultlib.ALU_tb -log elaborate.log 
Using 2 slave threads.
Starting static elaboration
Completed static elaboration
Starting simulation data flow analysis
Completed simulation data flow analysis
Time Resolution for simulation is 1ps
Compiling package std.standard
Compiling package std.textio
Compiling package ieee.std_logic_1164
Compiling architecture behavioral of entity xil_defaultlib.two_to_one_MUX [two_to_one_mux_default]
Compiling architecture behavioral of entity xil_defaultlib.eight_bit_adder [eight_bit_adder_default]
Compiling architecture behavioral of entity xil_defaultlib.four_to_one_MUX [four_to_one_mux_default]
Compiling architecture behavioral of entity xil_defaultlib.ALU_v1_1 [alu_v1_1_default]
Compiling architecture behavioral of entity xil_defaultlib.alu_tb
Built simulation snapshot ALU_tb_behav
INFO: [USF-XSim-69] 'elaborate' step finished in '1' seconds
Vivado Simulator v2020.2.2
Time resolution is 1 ps
relaunch_sim: Time (s): cpu = 00:00:00 ; elapsed = 00:00:06 . Memory (MB): peak = 1702.852 ; gain = 0.000
relaunch_sim
Command: launch_simulation -simset sim_1 -mode behavioral
INFO: [Vivado 12-5682] Launching behavioral simulation in 'D:/Users/lzh/Desktop/ALU_v1.1/ALU_v1.1.sim/sim_1/behav/xsim'
INFO: [SIM-utils-51] Simulation object is 'sim_1'
INFO: [SIM-utils-54] Inspecting design source files for 'ALU_tb' in fileset 'sim_1'...
INFO: [USF-XSim-97] Finding global include files...
INFO: [USF-XSim-98] Fetching design files from 'sim_1'...
INFO: [USF-XSim-2] XSim::Compile design
INFO: [USF-XSim-61] Executing 'COMPILE and ANALYZE' step in 'D:/Users/lzh/Desktop/ALU_v1.1/ALU_v1.1.sim/sim_1/behav/xsim'
"xvhdl --incr --relax -prj ALU_tb_vhdl.prj"
INFO: [VRFC 10-163] Analyzing VHDL file "D:/Users/lzh/Desktop/ALU_v1.1/ALU_v1.1.srcs/sim_1/imports/new/ALU_tb.vhd" into library xil_defaultlib
INFO: [VRFC 10-3107] analyzing entity 'ALU_tb'
INFO: [USF-XSim-69] 'compile' step finished in '1' seconds
Command: launch_simulation -simset sim_1 -mode behavioral
INFO: [Vivado 12-5682] Launching behavioral simulation in 'D:/Users/lzh/Desktop/ALU_v1.1/ALU_v1.1.sim/sim_1/behav/xsim'
INFO: [USF-XSim-3] XSim::Elaborate design
INFO: [USF-XSim-61] Executing 'ELABORATE' step in 'D:/Users/lzh/Desktop/ALU_v1.1/ALU_v1.1.sim/sim_1/behav/xsim'
"xelab -wto e0f357a28fc343679e5fc3f653d4934b --incr --debug typical --relax --mt 2 -L xil_defaultlib -L secureip --snapshot ALU_tb_behav xil_defaultlib.ALU_tb -log elaborate.log"
Vivado Simulator v2020.2.2
Copyright 1986-1999, 2001-2021 Xilinx, Inc. All Rights Reserved.
Running: D:/Program_files/Vivado/2020.2/bin/unwrapped/win64.o/xelab.exe -wto e0f357a28fc343679e5fc3f653d4934b --incr --debug typical --relax --mt 2 -L xil_defaultlib -L secureip --snapshot ALU_tb_behav xil_defaultlib.ALU_tb -log elaborate.log 
Using 2 slave threads.
Starting static elaboration
Completed static elaboration
Starting simulation data flow analysis
Completed simulation data flow analysis
Time Resolution for simulation is 1ps
Compiling package std.standard
Compiling package std.textio
Compiling package ieee.std_logic_1164
Compiling architecture behavioral of entity xil_defaultlib.two_to_one_MUX [two_to_one_mux_default]
Compiling architecture behavioral of entity xil_defaultlib.eight_bit_adder [eight_bit_adder_default]
Compiling architecture behavioral of entity xil_defaultlib.four_to_one_MUX [four_to_one_mux_default]
Compiling architecture behavioral of entity xil_defaultlib.ALU_v1_1 [alu_v1_1_default]
Compiling architecture behavioral of entity xil_defaultlib.alu_tb
Built simulation snapshot ALU_tb_behav
INFO: [USF-XSim-69] 'elaborate' step finished in '1' seconds
Vivado Simulator v2020.2.2
Time resolution is 1 ps
close_sim
INFO: [Simtcl 6-16] Simulation closed
exit
INFO: [Common 17-206] Exiting Vivado at Thu May 27 23:21:19 2021...
